<?xml version="1.0" encoding="UTF-8"?>
<!-- Generated by org.testng.reporters.JUnitXMLReporter -->
<testsuite ignored="0" hostname="DESKTOP-Q2NVML5" failures="0" tests="4" name="Submit Order Test" time="9.949" errors="0" timestamp="2026-06-17T10:06:07 IST">
  <testcase classname="rahulshettyacademy.TestComponents.BaseTest" name="@BeforeMethod launchApplication" time="6.968">
    <failure type="org.openqa.selenium.WebDriverException" message="unknown error: failed to change window state to &amp;apos;maximized&amp;apos;, current state is &amp;apos;minimized&amp;apos;
  (Session info: chrome=149.0.7827.114)
Build info: version: &amp;apos;4.44.0&amp;apos;, revision: &amp;apos;da2039b&amp;apos;
System info: os.name: &amp;apos;Windows 11&amp;apos;, os.arch: &amp;apos;amd64&amp;apos;, os.version: &amp;apos;10.0&amp;apos;, java.version: &amp;apos;25.0.2&amp;apos;
Driver info: org.openqa.selenium.chrome.ChromeDriver
Command: [80734c1632af1c4be5bd3bcc0ee03ff4, maximizeCurrentWindow {}]
Capabilities {acceptInsecureCerts: false, browserName: chrome, browserVersion: 149.0.7827.114, chrome: {chromedriverVersion: 149.0.7827.115 (daf70f9ddee..., userDataDir: C:\Users\DELL\AppData\Local...}, fedcm:accounts: true, goog:chromeOptions: {debuggerAddress: localhost:60817}, goog:processID: 16412, networkConnectionEnabled: false, pageLoadStrategy: normal, platformName: windows, proxy: Proxy(), se:cdp: ws://localhost:60817/devtoo..., se:cdpVersion: 149.0.7827.114, setWindowRect: true, strictFileInteractability: false, timeouts: {implicit: 0, pageLoad: 300000, script: 30000}, unhandledPromptBehavior: dismiss and notify, webauthn:extension:credBlob: true, webauthn:extension:largeBlob: true, webauthn:extension:minPinLength: true, webauthn:extension:prf: true, webauthn:virtualAuthenticators: true}
Session ID: 80734c1632af1c4be5bd3bcc0ee03ff4">
      <![CDATA[org.openqa.selenium.WebDriverException: unknown error: failed to change window state to 'maximized', current state is 'minimized'
  (Session info: chrome=149.0.7827.114)
Build info: version: '4.44.0', revision: 'da2039b'
System info: os.name: 'Windows 11', os.arch: 'amd64', os.version: '10.0', java.version: '25.0.2'
Driver info: org.openqa.selenium.chrome.ChromeDriver
Command: [80734c1632af1c4be5bd3bcc0ee03ff4, maximizeCurrentWindow {}]
Capabilities {acceptInsecureCerts: false, browserName: chrome, browserVersion: 149.0.7827.114, chrome: {chromedriverVersion: 149.0.7827.115 (daf70f9ddee..., userDataDir: C:\Users\DELL\AppData\Local...}, fedcm:accounts: true, goog:chromeOptions: {debuggerAddress: localhost:60817}, goog:processID: 16412, networkConnectionEnabled: false, pageLoadStrategy: normal, platformName: windows, proxy: Proxy(), se:cdp: ws://localhost:60817/devtoo..., se:cdpVersion: 149.0.7827.114, setWindowRect: true, strictFileInteractability: false, timeouts: {implicit: 0, pageLoad: 300000, script: 30000}, unhandledPromptBehavior: dismiss and notify, webauthn:extension:credBlob: true, webauthn:extension:largeBlob: true, webauthn:extension:minPinLength: true, webauthn:extension:prf: true, webauthn:virtualAuthenticators: true}
Session ID: 80734c1632af1c4be5bd3bcc0ee03ff4
at org.openqa.selenium.remote.ErrorCodec.decode(ErrorCodec.java:169)
at org.openqa.selenium.remote.codec.w3c.W3CHttpResponseCodec.decode(W3CHttpResponseCodec.java:143)
at org.openqa.selenium.remote.codec.w3c.W3CHttpResponseCodec.decode(W3CHttpResponseCodec.java:50)
at org.openqa.selenium.remote.HttpCommandExecutor.execute(HttpCommandExecutor.java:224)
at org.openqa.selenium.remote.service.DriverCommandExecutor.invokeExecute(DriverCommandExecutor.java:217)
at org.openqa.selenium.remote.service.DriverCommandExecutor.execute(DriverCommandExecutor.java:175)
at org.openqa.selenium.remote.RemoteWebDriver.execute(RemoteWebDriver.java:600)
at org.openqa.selenium.remote.RemoteWebDriver.execute(RemoteWebDriver.java:682)
at org.openqa.selenium.remote.RemoteWebDriver.execute(RemoteWebDriver.java:686)
at org.openqa.selenium.remote.RemoteWebDriver$RemoteWebDriverOptions$RemoteWindow.maximize(RemoteWebDriver.java:1187)
at rahulshettyacademy.TestComponents.BaseTest.initilalizeDriver(BaseTest.java:87)
at rahulshettyacademy.TestComponents.BaseTest.launchApplication(BaseTest.java:125)
at java.base/java.util.ArrayList.forEach(ArrayList.java:1604)
at java.base/java.util.concurrent.FutureTask.run(FutureTask.java:328)
at java.base/java.util.concurrent.ThreadPoolExecutor.runWorker(ThreadPoolExecutor.java:1090)
at java.base/java.util.concurrent.ThreadPoolExecutor$Worker.run(ThreadPoolExecutor.java:614)
at java.base/java.lang.Thread.run(Thread.java:1474)
... Removed 19 stack frames]]>
    </failure>
  </testcase> <!-- @BeforeMethod launchApplication -->
  <testcase classname="rahulshettyacademy.tests.SubmitOrderTest" name="SubmitOrder" time="0.0">
    <skipped/>
  </testcase> <!-- SubmitOrder -->
  <testcase classname="rahulshettyacademy.tests.SubmitOrderTest" name="SubmitOrder" time="0.0">
    <skipped/>
  </testcase> <!-- SubmitOrder -->
  <testcase classname="rahulshettyacademy.tests.SubmitOrderTest" name="orderHistoryPage" time="0.002">
    <skipped/>
  </testcase> <!-- orderHistoryPage -->
  <testcase classname="rahulshettyacademy.tests.SubmitOrderTest" name="signOutPage" time="0.0">
    <skipped/>
  </testcase> <!-- signOutPage -->
</testsuite> <!-- Submit Order Test -->
